<?xml version="1.0" encoding="UTF-8"?>
<beans xmlns="http://www.springframework.org/schema/beans"
       xmlns:xsi="http://www.w3.org/2001/XMLSchema-instance" xmlns:jdbc="http://www.springframework.org/schema/jdbc"
       xsi:schemaLocation="http://www.springframework.org/schema/beans
       http://www.springframework.org/schema/beans/spring-beans.xsd
       http://www.springframework.org/schema/jdbc
       http://www.springframework.org/schema/jdbc/spring-jdbc.xsd">

    <bean id="projectsDto" class="com.epam.brest.courses.model.dto.ProjectsDto" scope="prototype">
        <constructor-arg>
            <bean class="java.util.Date"/>
        </constructor-arg>
    </bean>

    <bean id="projects" class="com.epam.brest.courses.model.Projects" scope="prototype">
        <constructor-arg>
            <bean class="java.util.Date"/>
        </constructor-arg>
    </bean>

    <bean class="org.springframework.beans.factory.config.PropertyPlaceholderConfigurer">
        <property name="locations">
            <list>
                <value>classpath:development-team.properties</value>
                <value>classpath:sql-development-team.properties</value>
            </list>
        </property>
    </bean>

    <bean id="dataSource" class="org.springframework.jdbc.datasource.DriverManagerDataSource">
        <property name="driverClassName" value="${driver}"/>
        <property name="url" value="${url}"/>
        <property name="username" value="${username}"/>
        <property name="password" value=""/>
    </bean>

    <jdbc:initialize-database>
        <jdbc:script location="create-db.sql"/>
        <jdbc:script location="insert-db.sql"/>
    </jdbc:initialize-database>

</beans>